[debug] [2021-03-19T18:07:59.928Z] ----------------------------------------------------------------------
[debug] [2021-03-19T18:07:59.929Z] Command:       C:\Program Files\nodejs\node.exe C:\Users\Vanilla\AppData\Roaming\npm\node_modules\firebase-tools\lib\bin\firebase.js init
[debug] [2021-03-19T18:07:59.930Z] CLI Version:   9.6.1
[debug] [2021-03-19T18:07:59.930Z] Platform:      win32
[debug] [2021-03-19T18:07:59.930Z] Node Version:  v14.15.3
[debug] [2021-03-19T18:07:59.931Z] Time:          Fri Mar 19 2021 23:37:59 GMT+0530 (India Standard Time)
[debug] [2021-03-19T18:07:59.931Z] ----------------------------------------------------------------------
[debug] [2021-03-19T18:07:59.931Z] 
[debug] [2021-03-19T18:07:59.935Z] > command requires scopes: ["email","openid","https://www.googleapis.com/auth/cloudplatformprojects.readonly","https://www.googleapis.com/auth/firebase","https://www.googleapis.com/auth/cloud-platform"]
[debug] [2021-03-19T18:07:59.936Z] > authorizing via signed-in user
[info] 
     ######## #### ########  ######## ########     ###     ######  ########
     ##        ##  ##     ## ##       ##     ##  ##   ##  ##       ##
     ######    ##  ########  ######   ########  #########  ######  ######
     ##        ##  ##    ##  ##       ##     ## ##     ##       ## ##
     ##       #### ##     ## ######## ########  ##     ##  ######  ########

You're about to initialize a Firebase project in this directory:

  C:\Users\Vanilla\Angular Projects\IeeeFestSiliconValley

[info] 
=== Project Setup
[info] 
[info] First, let's associate this project directory with a Firebase project.
[info] You can create multiple project aliases by running firebase use --add, 
[info] but for now we'll just set up a default project.
[info] 
[debug] [2021-03-19T18:08:11.148Z] >>> [apiv2][query] GET https://firebase.googleapis.com/v1beta1/projects pageSize=100
[debug] [2021-03-19T18:08:13.532Z] <<< [apiv2][status] GET https://firebase.googleapis.com/v1beta1/projects 200
[debug] [2021-03-19T18:08:13.532Z] <<< [apiv2][body] GET https://firebase.googleapis.com/v1beta1/projects [omitted]
[info] i  Using project thanks-a3a21 (SiliconValley) 
[info] 
=== Hosting Setup
[info] 
[info] Your public directory is the folder (relative to your project directory) that
[info] will contain Hosting assets to be uploaded with firebase deploy. If you
[info] have a build process for your assets, use your build's output directory.
[info] 
